[16-07-2021 19:42:16] PayPal\Core\PayPalHttpConnection : INFO: POST https://api.sandbox.paypal.com/v1/oauth2/token
[16-07-2021 19:42:16] PayPal\Core\PayPalHttpConnection : INFO: Response Status 	: 401
[16-07-2021 19:42:16] PayPal\Core\PayPalHttpConnection : ERROR: Got Http response code 401 when accessing https://api.sandbox.paypal.com/v1/oauth2/token. {"error":"invalid_client","error_description":"Client Authentication failed"}
[16-07-2021 19:43:08] PayPal\Core\PayPalHttpConnection : INFO: POST https://api.paypal.com/v1/oauth2/token
[16-07-2021 19:43:08] PayPal\Core\PayPalHttpConnection : INFO: Response Status 	: 200
[16-07-2021 19:43:08] PayPal\Core\PayPalHttpConnection : INFO: POST https://api.paypal.com/v1/payments/billing-plans/
[16-07-2021 19:43:09] PayPal\Core\PayPalHttpConnection : INFO: Response Status 	: 400
[16-07-2021 19:43:09] PayPal\Core\PayPalHttpConnection : ERROR: Got Http response code 400 when accessing https://api.paypal.com/v1/payments/billing-plans/. {"name":"VALIDATION_ERROR","debug_id":"7ef3eb16b6a3e","message":"Invalid request. See details.","information_link":"https://developer.paypal.com/docs/api/payments.billing-plans#errors","details":[{"field":"name","issue":"Field is mandatory. 127 single-byte alphanumeric characters."},{"field":"description","issue":"Field is mandatory. 127 single-byte alphanumeric characters."}]}
[16-07-2021 19:45:36] PayPal\Core\PayPalHttpConnection : INFO: POST https://api.paypal.com/v1/payments/billing-plans/
[16-07-2021 19:45:36] PayPal\Core\PayPalHttpConnection : INFO: Response Status 	: 400
[16-07-2021 19:45:36] PayPal\Core\PayPalHttpConnection : ERROR: Got Http response code 400 when accessing https://api.paypal.com/v1/payments/billing-plans/. {"name":"VALIDATION_ERROR","debug_id":"d53c2c67ed028","message":"Invalid request. See details.","information_link":"https://developer.paypal.com/docs/api/payments.billing-plans#errors","details":[{"field":"description","issue":"Field is mandatory. 127 single-byte alphanumeric characters."},{"field":"name","issue":"Field is mandatory. 127 single-byte alphanumeric characters."}]}
[16-07-2021 19:46:01] PayPal\Core\PayPalHttpConnection : INFO: POST https://api.paypal.com/v1/payments/billing-plans/
[16-07-2021 19:46:02] PayPal\Core\PayPalHttpConnection : INFO: Response Status 	: 400
[16-07-2021 19:46:02] PayPal\Core\PayPalHttpConnection : ERROR: Got Http response code 400 when accessing https://api.paypal.com/v1/payments/billing-plans/. {"name":"VALIDATION_ERROR","debug_id":"9fe703d85df2a","message":"Invalid request. See details.","information_link":"https://developer.paypal.com/docs/api/payments.billing-plans#errors","details":[{"field":"name","issue":"Field is mandatory. 127 single-byte alphanumeric characters."},{"field":"description","issue":"Field is mandatory. 127 single-byte alphanumeric characters."}]}
[16-07-2021 19:46:33] PayPal\Core\PayPalHttpConnection : INFO: POST https://api.paypal.com/v1/payments/billing-plans/
[16-07-2021 19:46:34] PayPal\Core\PayPalHttpConnection : INFO: Response Status 	: 400
[16-07-2021 19:46:34] PayPal\Core\PayPalHttpConnection : ERROR: Got Http response code 400 when accessing https://api.paypal.com/v1/payments/billing-plans/. {"name":"VALIDATION_ERROR","debug_id":"b5d58ab22f4c5","message":"Invalid request. See details.","information_link":"https://developer.paypal.com/docs/api/payments.billing-plans#errors","details":[{"field":"name","issue":"Field is mandatory. 127 single-byte alphanumeric characters."},{"field":"description","issue":"Field is mandatory. 127 single-byte alphanumeric characters."}]}
[16-07-2021 19:46:47] PayPal\Core\PayPalHttpConnection : INFO: POST https://api.paypal.com/v1/payments/billing-plans/
[16-07-2021 19:46:47] PayPal\Core\PayPalHttpConnection : INFO: Response Status 	: 400
[16-07-2021 19:46:47] PayPal\Core\PayPalHttpConnection : ERROR: Got Http response code 400 when accessing https://api.paypal.com/v1/payments/billing-plans/. {"name":"VALIDATION_ERROR","debug_id":"72c019d31de84","message":"Invalid request. See details.","information_link":"https://developer.paypal.com/docs/api/payments.billing-plans#errors","details":[{"field":"description","issue":"Field is mandatory. 127 single-byte alphanumeric characters."},{"field":"name","issue":"Field is mandatory. 127 single-byte alphanumeric characters."}]}
[16-07-2021 19:47:21] PayPal\Core\PayPalHttpConnection : INFO: POST https://api.paypal.com/v1/payments/billing-plans/
[16-07-2021 19:47:21] PayPal\Core\PayPalHttpConnection : INFO: Response Status 	: 400
[16-07-2021 19:47:21] PayPal\Core\PayPalHttpConnection : ERROR: Got Http response code 400 when accessing https://api.paypal.com/v1/payments/billing-plans/. {"name":"VALIDATION_ERROR","debug_id":"9e9568c4e5be3","message":"Invalid request. See details.","information_link":"https://developer.paypal.com/docs/api/payments.billing-plans#errors","details":[{"field":"description","issue":"Field is mandatory. 127 single-byte alphanumeric characters."},{"field":"name","issue":"Field is mandatory. 127 single-byte alphanumeric characters."}]}
[16-07-2021 19:48:58] PayPal\Core\PayPalHttpConnection : INFO: POST https://api.paypal.com/v1/payments/billing-plans/
[16-07-2021 19:48:58] PayPal\Core\PayPalHttpConnection : INFO: Response Status 	: 400
[16-07-2021 19:48:58] PayPal\Core\PayPalHttpConnection : ERROR: Got Http response code 400 when accessing https://api.paypal.com/v1/payments/billing-plans/. {"name":"VALIDATION_ERROR","debug_id":"46b6282e6c3d8","message":"Invalid request. See details.","information_link":"https://developer.paypal.com/docs/api/payments.billing-plans#errors","details":[{"field":"name","issue":"Field is mandatory. 127 single-byte alphanumeric characters."},{"field":"description","issue":"Field is mandatory. 127 single-byte alphanumeric characters."}]}
[16-07-2021 19:52:44] PayPal\Core\PayPalHttpConnection : INFO: POST https://api.paypal.com/v1/payments/billing-plans/
[16-07-2021 19:52:45] PayPal\Core\PayPalHttpConnection : INFO: Response Status 	: 400
[16-07-2021 19:52:45] PayPal\Core\PayPalHttpConnection : ERROR: Got Http response code 400 when accessing https://api.paypal.com/v1/payments/billing-plans/. {"name":"VALIDATION_ERROR","debug_id":"df4332097af24","message":"Invalid request. See details.","information_link":"https://developer.paypal.com/docs/api/payments.billing-plans#errors","details":[{"field":"name","issue":"Field is mandatory. 127 single-byte alphanumeric characters."},{"field":"description","issue":"Field is mandatory. 127 single-byte alphanumeric characters."}]}
[16-07-2021 19:53:25] PayPal\Core\PayPalHttpConnection : INFO: POST https://api.paypal.com/v1/payments/billing-plans/
[16-07-2021 19:53:25] PayPal\Core\PayPalHttpConnection : INFO: Response Status 	: 400
[16-07-2021 19:53:25] PayPal\Core\PayPalHttpConnection : ERROR: Got Http response code 400 when accessing https://api.paypal.com/v1/payments/billing-plans/. {"name":"VALIDATION_ERROR","debug_id":"6bb19d329fa71","message":"Invalid request. See details.","information_link":"https://developer.paypal.com/docs/api/payments.billing-plans#errors","details":[{"field":"description","issue":"Field is mandatory. 127 single-byte alphanumeric characters."},{"field":"name","issue":"Field is mandatory. 127 single-byte alphanumeric characters."}]}
[16-07-2021 19:56:41] PayPal\Core\PayPalHttpConnection : INFO: POST https://api.paypal.com/v1/payments/billing-plans/
[16-07-2021 19:56:41] PayPal\Core\PayPalHttpConnection : INFO: Response Status 	: 201
[16-07-2021 19:56:41] PayPal\Core\PayPalHttpConnection : INFO: PATCH https://api.paypal.com/v1/payments/billing-plans/P-4AG83146GK1270910WDSHYHY
[16-07-2021 19:56:42] PayPal\Core\PayPalHttpConnection : INFO: Response Status 	: 200
[16-07-2021 19:56:42] PayPal\Core\PayPalHttpConnection : INFO: GET https://api.paypal.com/v1/payments/billing-plans/P-4AG83146GK1270910WDSHYHY
[16-07-2021 19:56:42] PayPal\Core\PayPalHttpConnection : INFO: Response Status 	: 200
[16-07-2021 19:56:42] PayPal\Core\PayPalHttpConnection : INFO: POST https://api.paypal.com/v1/payments/billing-agreements/
[16-07-2021 19:56:43] PayPal\Core\PayPalHttpConnection : INFO: Response Status 	: 201
[16-07-2021 19:57:13] PayPal\Core\PayPalHttpConnection : INFO: POST https://api.paypal.com/v1/payments/billing-plans/
[16-07-2021 19:57:14] PayPal\Core\PayPalHttpConnection : INFO: Response Status 	: 400
[16-07-2021 19:57:14] PayPal\Core\PayPalHttpConnection : ERROR: Got Http response code 400 when accessing https://api.paypal.com/v1/payments/billing-plans/. {"name":"VALIDATION_ERROR","debug_id":"105144c41ecc","message":"Invalid request. See details.","information_link":"https://developer.paypal.com/docs/api/payments.billing-plans#errors","details":[{"field":"description","issue":"Field is mandatory. 127 single-byte alphanumeric characters."},{"field":"name","issue":"Field is mandatory. 127 single-byte alphanumeric characters."}]}
[16-07-2021 20:00:37] PayPal\Core\PayPalHttpConnection : INFO: POST https://api.paypal.com/v1/payments/billing-plans/
[16-07-2021 20:00:37] PayPal\Core\PayPalHttpConnection : INFO: Response Status 	: 400
[16-07-2021 20:00:37] PayPal\Core\PayPalHttpConnection : ERROR: Got Http response code 400 when accessing https://api.paypal.com/v1/payments/billing-plans/. {"name":"VALIDATION_ERROR","debug_id":"8c7ac66d16e89","message":"Invalid request. See details.","information_link":"https://developer.paypal.com/docs/api/payments.billing-plans#errors","details":[{"field":"name","issue":"Field is mandatory. 127 single-byte alphanumeric characters."},{"field":"description","issue":"Field is mandatory. 127 single-byte alphanumeric characters."}]}
[16-07-2021 20:01:43] PayPal\Core\PayPalHttpConnection : INFO: POST https://api.paypal.com/v1/payments/billing-plans/
[16-07-2021 20:01:44] PayPal\Core\PayPalHttpConnection : INFO: Response Status 	: 201
[16-07-2021 20:01:44] PayPal\Core\PayPalHttpConnection : INFO: PATCH https://api.paypal.com/v1/payments/billing-plans/P-8HY13001U5875990AWDURSNA
[16-07-2021 20:01:44] PayPal\Core\PayPalHttpConnection : INFO: Response Status 	: 200
[16-07-2021 20:01:44] PayPal\Core\PayPalHttpConnection : INFO: GET https://api.paypal.com/v1/payments/billing-plans/P-8HY13001U5875990AWDURSNA
[16-07-2021 20:01:44] PayPal\Core\PayPalHttpConnection : INFO: Response Status 	: 200
[16-07-2021 20:01:44] PayPal\Core\PayPalHttpConnection : INFO: POST https://api.paypal.com/v1/payments/billing-agreements/
[16-07-2021 20:01:45] PayPal\Core\PayPalHttpConnection : INFO: Response Status 	: 201
[16-07-2021 20:03:00] PayPal\Core\PayPalHttpConnection : INFO: POST https://api.paypal.com/v1/payments/billing-plans/
[16-07-2021 20:03:01] PayPal\Core\PayPalHttpConnection : INFO: Response Status 	: 201
[16-07-2021 20:03:01] PayPal\Core\PayPalHttpConnection : INFO: PATCH https://api.paypal.com/v1/payments/billing-plans/P-0CR534715Y194542CWDVEK3Y
[16-07-2021 20:03:01] PayPal\Core\PayPalHttpConnection : INFO: Response Status 	: 200
[16-07-2021 20:03:01] PayPal\Core\PayPalHttpConnection : INFO: GET https://api.paypal.com/v1/payments/billing-plans/P-0CR534715Y194542CWDVEK3Y
[16-07-2021 20:03:01] PayPal\Core\PayPalHttpConnection : INFO: Response Status 	: 200
[16-07-2021 20:03:01] PayPal\Core\PayPalHttpConnection : INFO: POST https://api.paypal.com/v1/payments/billing-agreements/
[16-07-2021 20:03:02] PayPal\Core\PayPalHttpConnection : INFO: Response Status 	: 201
[08-02-2022 17:00:22] PayPal\Core\PayPalHttpConnection : INFO: POST https://api.paypal.com/v1/oauth2/token
[08-02-2022 17:00:23] PayPal\Core\PayPalHttpConnection : INFO: Response Status 	: 200
[08-02-2022 17:00:23] PayPal\Core\PayPalHttpConnection : INFO: POST https://api.paypal.com/v1/payments/billing-plans/
[08-02-2022 17:00:24] PayPal\Core\PayPalHttpConnection : INFO: Response Status 	: 201
[08-02-2022 17:00:24] PayPal\Core\PayPalHttpConnection : INFO: PATCH https://api.paypal.com/v1/payments/billing-plans/P-7K437504PX436454B3JDXQZQ
[08-02-2022 17:00:24] PayPal\Core\PayPalHttpConnection : INFO: Response Status 	: 200
[08-02-2022 17:00:24] PayPal\Core\PayPalHttpConnection : INFO: GET https://api.paypal.com/v1/payments/billing-plans/P-7K437504PX436454B3JDXQZQ
[08-02-2022 17:00:24] PayPal\Core\PayPalHttpConnection : INFO: Response Status 	: 200
[08-02-2022 17:00:24] PayPal\Core\PayPalHttpConnection : INFO: POST https://api.paypal.com/v1/payments/billing-agreements/
[08-02-2022 17:00:25] PayPal\Core\PayPalHttpConnection : INFO: Response Status 	: 201
[11-02-2022 18:50:33] PayPal\Core\PayPalHttpConnection : INFO: POST https://api.paypal.com/v1/oauth2/token
[11-02-2022 18:50:33] PayPal\Core\PayPalHttpConnection : INFO: Response Status 	: 200
[11-02-2022 18:50:33] PayPal\Core\PayPalHttpConnection : INFO: POST https://api.paypal.com/v1/payments/billing-plans/
[11-02-2022 18:50:34] PayPal\Core\PayPalHttpConnection : INFO: Response Status 	: 201
[11-02-2022 18:50:34] PayPal\Core\PayPalHttpConnection : INFO: PATCH https://api.paypal.com/v1/payments/billing-plans/P-80D326348J26596385IPWSAY
[11-02-2022 18:50:34] PayPal\Core\PayPalHttpConnection : INFO: Response Status 	: 200
[11-02-2022 18:50:34] PayPal\Core\PayPalHttpConnection : INFO: GET https://api.paypal.com/v1/payments/billing-plans/P-80D326348J26596385IPWSAY
[11-02-2022 18:50:35] PayPal\Core\PayPalHttpConnection : INFO: Response Status 	: 200
[11-02-2022 18:50:36] PayPal\Core\PayPalHttpConnection : INFO: POST https://api.paypal.com/v1/payments/billing-agreements/
[11-02-2022 18:50:37] PayPal\Core\PayPalHttpConnection : INFO: Response Status 	: 201
[11-02-2022 18:55:25] PayPal\Core\PayPalHttpConnection : INFO: POST https://api.paypal.com/v1/payments/billing-plans/
[11-02-2022 18:55:26] PayPal\Core\PayPalHttpConnection : INFO: Response Status 	: 201
[11-02-2022 18:55:26] PayPal\Core\PayPalHttpConnection : INFO: PATCH https://api.paypal.com/v1/payments/billing-plans/P-3GN690330628867425IR53VY
[11-02-2022 18:55:26] PayPal\Core\PayPalHttpConnection : INFO: Response Status 	: 200
[11-02-2022 18:55:26] PayPal\Core\PayPalHttpConnection : INFO: GET https://api.paypal.com/v1/payments/billing-plans/P-3GN690330628867425IR53VY
[11-02-2022 18:55:26] PayPal\Core\PayPalHttpConnection : INFO: Response Status 	: 200
[11-02-2022 18:55:26] PayPal\Core\PayPalHttpConnection : INFO: POST https://api.paypal.com/v1/payments/billing-agreements/
[11-02-2022 18:55:27] PayPal\Core\PayPalHttpConnection : INFO: Response Status 	: 201
